<?xml version="1.0" encoding="UTF-8"?>
<!-- Generated by org.testng.reporters.JUnitReportReporter -->
<testsuite hostname="DESKTOP-NH1GHUB" failures="0" tests="1" name="pramoddutta.Dutta1" time="3.558" errors="0" timestamp="2023-11-19T13:21:22 IST" skipped="0">
  <testcase classname="pramoddutta.Dutta1" name="NegativeTC" time="3.558"/>
  <system-out/>
</testsuite> <!-- pramoddutta.Dutta1 -->
