<?xml version="1.0" encoding="UTF-8"?>
<!-- Generated by org.testng.reporters.JUnitReportReporter -->
<testsuite hostname="DESKTOP-NH1GHUB" failures="0" tests="1" name="pramoddutta.Diwali" time="7.191" errors="0" timestamp="2023-11-26T22:45:17 IST" skipped="0">
  <testcase classname="pramoddutta.Diwali" name="Testcase" time="7.191"/>
  <system-out/>
</testsuite> <!-- pramoddutta.Diwali -->
