<?xml version="1.0" encoding="UTF-8"?>
<!-- Generated by org.testng.reporters.JUnitReportReporter -->
<testsuite hostname="DESKTOP-NH1GHUB" failures="0" tests="1" name="pramoddutta.Diwali" time="7.440" errors="0" timestamp="2023-12-09T00:13:00 IST" skipped="0">
  <testcase classname="pramoddutta.Diwali" name="Testcase" time="7.440"/>
  <system-out/>
</testsuite> <!-- pramoddutta.Diwali -->
