<?xml version="1.0" encoding="UTF-8"?>
<!-- Generated by org.testng.reporters.JUnitReportReporter -->
<testsuite hostname="DESKTOP-NH1GHUB" failures="0" tests="1" name="pramoddutta.Dutta1" time="16.219" errors="0" timestamp="2023-11-16T23:36:43 IST" skipped="0">
  <testcase classname="pramoddutta.Dutta1" name="NegativeTC" time="16.219"/>
  <system-out/>
</testsuite> <!-- pramoddutta.Dutta1 -->
