<?xml version="1.0" encoding="UTF-8"?>
<!-- Generated by org.testng.reporters.JUnitReportReporter -->
<testsuite hostname="DESKTOP-NH1GHUB" failures="0" tests="1" name="pramoddutta.Dutta1" time="3.716" errors="0" timestamp="2023-11-25T22:34:01 IST" skipped="0">
  <testcase classname="pramoddutta.Dutta1" name="NegativeTC" time="3.716"/>
  <system-out/>
</testsuite> <!-- pramoddutta.Dutta1 -->
