<?xml version="1.0" encoding="UTF-8"?>
<!-- Generated by org.testng.reporters.JUnitReportReporter -->
<testsuite hostname="DESKTOP-NH1GHUB" failures="0" tests="1" name="pramoddutta.WebTable" time="0.751" errors="0" timestamp="2023-12-12T01:09:42 IST" skipped="0">
  <testcase classname="pramoddutta.WebTable" name="Testcase" time="0.751"/>
  <system-out/>
</testsuite> <!-- pramoddutta.WebTable -->
